2025-02-18 11:09:40,899 - INFO - Запуск программы 2/2025.
2025-02-18 11:09:40,900 - INFO - Получаем данные для главной страницы
2025-02-18 11:09:41,727 - INFO - {
    "greeting": "Доброе утро",
    "cards": [
        {
            "last_digits": "4556",
            "total_spent": 2314098.96,
            "cashback": 23129.0
        },
        {
            "last_digits": "nan",
            "total_spent": 5650261.78,
            "cashback": 56429.0
        },
        {
            "last_digits": "7197",
            "total_spent": 70404.98,
            "cashback": 694.0
        },
        {
            "last_digits": "5091",
            "total_spent": 2449.34,
            "cashback": 23.0
        }
    ],
    "top_transactions": [
        {
            "date": "21.03.2019 17:01:38",
            "amount": 190044.51,
            "category": "Переводы",
            "description": "Перевод Кредитная карта. ТП 10.2 RUR"
        },
        {
            "date": "23.10.2018 12:26:15",
            "amount": 177506.03,
            "category": "Переводы",
            "description": "Перевод Кредитная карта. ТП 10.2 RUR"
        },
        {
            "date": "30.12.2021 17:50:17",
            "amount": 174000.0,
            "category": "Пополнения",
            "description": "Пополнение через Газпромбанк"
        },
        {
            "date": "23.10.2018 12:24:54",
            "amount": 150000.0,
            "category": "Переводы",
            "description": "Пополнение счета"
        },
        {
            "date": "30.07.2018 13:27:04",
            "amount": 150000.0,
            "category": "Пополнения",
            "description": "Пополнение. Перевод средств с торгового счета"
        }
    ]
}
2025-02-18 11:09:41,729 - INFO - Получаем курсы валют
2025-02-18 11:09:42,059 - INFO - [{'currency': 'USD', 'rate': 1}, {'currency': 'EUR', 'rate': 0.954}]
2025-02-18 11:39:58,287 - INFO - Запуск программы 2/2025.
2025-02-18 11:39:58,304 - INFO - Получаем данные для главной страницы
2025-02-18 11:40:01,375 - INFO - {
    "greeting": "Доброе утро",
    "cards": [
        {
            "last_digits": "4556",
            "total_spent": 2314098.96,
            "cashback": 23129.0
        },
        {
            "last_digits": "nan",
            "total_spent": 5650261.78,
            "cashback": 56429.0
        },
        {
            "last_digits": "7197",
            "total_spent": 70404.98,
            "cashback": 694.0
        },
        {
            "last_digits": "5091",
            "total_spent": 2449.34,
            "cashback": 23.0
        }
    ],
    "top_transactions": [
        {
            "date": "21.03.2019 17:01:38",
            "amount": 190044.51,
            "category": "Переводы",
            "description": "Перевод Кредитная карта. ТП 10.2 RUR"
        },
        {
            "date": "23.10.2018 12:26:15",
            "amount": 177506.03,
            "category": "Переводы",
            "description": "Перевод Кредитная карта. ТП 10.2 RUR"
        },
        {
            "date": "30.12.2021 17:50:17",
            "amount": 174000.0,
            "category": "Пополнения",
            "description": "Пополнение через Газпромбанк"
        },
        {
            "date": "23.10.2018 12:24:54",
            "amount": 150000.0,
            "category": "Переводы",
            "description": "Пополнение счета"
        },
        {
            "date": "30.07.2018 13:27:04",
            "amount": 150000.0,
            "category": "Пополнения",
            "description": "Пополнение. Перевод средств с торгового счета"
        }
    ]
}
2025-02-18 11:40:01,375 - INFO - Получаем курсы валют
2025-02-18 11:40:01,700 - INFO - [{'currency': 'USD', 'rate': 1}, {'currency': 'EUR', 'rate': 0.954}]
2025-02-18 11:44:54,011 - INFO - Запуск программы 2/2025.
2025-02-18 11:44:54,012 - INFO - Получаем данные для главной страницы
2025-02-18 11:44:54,929 - INFO - {
    "greeting": "Доброе утро",
    "cards": [
        {
            "last_digits": "4556",
            "total_spent": 2314098.96,
            "cashback": 23129.0
        },
        {
            "last_digits": "nan",
            "total_spent": 5650261.78,
            "cashback": 56429.0
        },
        {
            "last_digits": "7197",
            "total_spent": 70404.98,
            "cashback": 694.0
        },
        {
            "last_digits": "5091",
            "total_spent": 2449.34,
            "cashback": 23.0
        }
    ],
    "top_transactions": [
        {
            "date": "21.03.2019 17:01:38",
            "amount": 190044.51,
            "category": "Переводы",
            "description": "Перевод Кредитная карта. ТП 10.2 RUR"
        },
        {
            "date": "23.10.2018 12:26:15",
            "amount": 177506.03,
            "category": "Переводы",
            "description": "Перевод Кредитная карта. ТП 10.2 RUR"
        },
        {
            "date": "30.12.2021 17:50:17",
            "amount": 174000.0,
            "category": "Пополнения",
            "description": "Пополнение через Газпромбанк"
        },
        {
            "date": "23.10.2018 12:24:54",
            "amount": 150000.0,
            "category": "Переводы",
            "description": "Пополнение счета"
        },
        {
            "date": "30.07.2018 13:27:04",
            "amount": 150000.0,
            "category": "Пополнения",
            "description": "Пополнение. Перевод средств с торгового счета"
        }
    ]
}
2025-02-18 11:44:54,929 - INFO - Получаем курсы валют
2025-02-18 11:44:55,269 - INFO - [{'currency': 'USD', 'rate': 1}, {'currency': 'EUR', 'rate': 0.954}]
2025-02-18 12:09:28,834 - INFO - Запуск программы 2/2025.
2025-02-18 12:09:28,834 - INFO - Получаем данные для главной страницы
2025-02-18 12:09:30,130 - INFO - {
    "greeting": "Добрый день",
    "cards": [
        {
            "last_digits": "4556",
            "total_spent": 2314098.96,
            "cashback": 23129.0
        },
        {
            "last_digits": "nan",
            "total_spent": 5650261.78,
            "cashback": 56429.0
        },
        {
            "last_digits": "7197",
            "total_spent": 70404.98,
            "cashback": 694.0
        },
        {
            "last_digits": "5091",
            "total_spent": 2449.34,
            "cashback": 23.0
        }
    ],
    "top_transactions": [
        {
            "date": "21.03.2019 17:01:38",
            "amount": 190044.51,
            "category": "Переводы",
            "description": "Перевод Кредитная карта. ТП 10.2 RUR"
        },
        {
            "date": "23.10.2018 12:26:15",
            "amount": 177506.03,
            "category": "Переводы",
            "description": "Перевод Кредитная карта. ТП 10.2 RUR"
        },
        {
            "date": "30.12.2021 17:50:17",
            "amount": 174000.0,
            "category": "Пополнения",
            "description": "Пополнение через Газпромбанк"
        },
        {
            "date": "23.10.2018 12:24:54",
            "amount": 150000.0,
            "category": "Переводы",
            "description": "Пополнение счета"
        },
        {
            "date": "30.07.2018 13:27:04",
            "amount": 150000.0,
            "category": "Пополнения",
            "description": "Пополнение. Перевод средств с торгового счета"
        }
    ],
    "currency_rates": [
        {
            "currency": "USD",
            "rate": 1
        },
        {
            "currency": "EUR",
            "rate": 0.954
        }
    ]
}
2025-02-18 14:39:44,752 - INFO - Запуск программы 2/2025.
2025-02-18 14:39:44,752 - INFO - Получаем данные для главной страницы
2025-02-18 14:39:50,659 - INFO - {
    "greeting": "Добрый день",
    "cards": [
        {
            "last_digits": "4556",
            "total_spent": 2314098.96,
            "cashback": 23129.0
        },
        {
            "last_digits": "nan",
            "total_spent": 5650261.78,
            "cashback": 56429.0
        },
        {
            "last_digits": "7197",
            "total_spent": 70404.98,
            "cashback": 694.0
        },
        {
            "last_digits": "5091",
            "total_spent": 2449.34,
            "cashback": 23.0
        }
    ],
    "top_transactions": [
        {
            "date": "21.03.2019 17:01:38",
            "amount": 190044.51,
            "category": "Переводы",
            "description": "Перевод Кредитная карта. ТП 10.2 RUR"
        },
        {
            "date": "23.10.2018 12:26:15",
            "amount": 177506.03,
            "category": "Переводы",
            "description": "Перевод Кредитная карта. ТП 10.2 RUR"
        },
        {
            "date": "30.12.2021 17:50:17",
            "amount": 174000.0,
            "category": "Пополнения",
            "description": "Пополнение через Газпромбанк"
        },
        {
            "date": "23.10.2018 12:24:54",
            "amount": 150000.0,
            "category": "Переводы",
            "description": "Пополнение счета"
        },
        {
            "date": "30.07.2018 13:27:04",
            "amount": 150000.0,
            "category": "Пополнения",
            "description": "Пополнение. Перевод средств с торгового счета"
        }
    ],
    "currency_rates": [
        {
            "currency": "USD",
            "rate": 1
        },
        {
            "currency": "EUR",
            "rate": 0.954
        }
    ],
    "stock_prices": {
        "stock_prices": []
    }
}
2025-02-18 14:41:19,558 - INFO - Запуск программы 2/2025.
2025-02-18 14:41:19,558 - INFO - Получаем данные для главной страницы
2025-02-18 14:41:25,219 - INFO - {
    "greeting": "Добрый день",
    "cards": [
        {
            "last_digits": "4556",
            "total_spent": 2314098.96,
            "cashback": 23129.0
        },
        {
            "last_digits": "nan",
            "total_spent": 5650261.78,
            "cashback": 56429.0
        },
        {
            "last_digits": "7197",
            "total_spent": 70404.98,
            "cashback": 694.0
        },
        {
            "last_digits": "5091",
            "total_spent": 2449.34,
            "cashback": 23.0
        }
    ],
    "top_transactions": [
        {
            "date": "21.03.2019 17:01:38",
            "amount": 190044.51,
            "category": "Переводы",
            "description": "Перевод Кредитная карта. ТП 10.2 RUR"
        },
        {
            "date": "23.10.2018 12:26:15",
            "amount": 177506.03,
            "category": "Переводы",
            "description": "Перевод Кредитная карта. ТП 10.2 RUR"
        },
        {
            "date": "30.12.2021 17:50:17",
            "amount": 174000.0,
            "category": "Пополнения",
            "description": "Пополнение через Газпромбанк"
        },
        {
            "date": "23.10.2018 12:24:54",
            "amount": 150000.0,
            "category": "Переводы",
            "description": "Пополнение счета"
        },
        {
            "date": "30.07.2018 13:27:04",
            "amount": 150000.0,
            "category": "Пополнения",
            "description": "Пополнение. Перевод средств с торгового счета"
        }
    ],
    "currency_rates": [
        {
            "currency": "USD",
            "rate": 1
        },
        {
            "currency": "EUR",
            "rate": 0.954
        }
    ],
    "stock_prices": {
        "stock_prices": []
    }
}
2025-02-18 14:42:17,033 - INFO - Запуск программы 2/2025.
2025-02-18 14:42:17,033 - INFO - Получаем данные для главной страницы
2025-02-18 14:42:22,749 - INFO - {
    "greeting": "Добрый день",
    "cards": [
        {
            "last_digits": "4556",
            "total_spent": 2314098.96,
            "cashback": 23129.0
        },
        {
            "last_digits": "nan",
            "total_spent": 5650261.78,
            "cashback": 56429.0
        },
        {
            "last_digits": "7197",
            "total_spent": 70404.98,
            "cashback": 694.0
        },
        {
            "last_digits": "5091",
            "total_spent": 2449.34,
            "cashback": 23.0
        }
    ],
    "top_transactions": [
        {
            "date": "21.03.2019 17:01:38",
            "amount": 190044.51,
            "category": "Переводы",
            "description": "Перевод Кредитная карта. ТП 10.2 RUR"
        },
        {
            "date": "23.10.2018 12:26:15",
            "amount": 177506.03,
            "category": "Переводы",
            "description": "Перевод Кредитная карта. ТП 10.2 RUR"
        },
        {
            "date": "30.12.2021 17:50:17",
            "amount": 174000.0,
            "category": "Пополнения",
            "description": "Пополнение через Газпромбанк"
        },
        {
            "date": "23.10.2018 12:24:54",
            "amount": 150000.0,
            "category": "Переводы",
            "description": "Пополнение счета"
        },
        {
            "date": "30.07.2018 13:27:04",
            "amount": 150000.0,
            "category": "Пополнения",
            "description": "Пополнение. Перевод средств с торгового счета"
        }
    ],
    "currency_rates": [
        {
            "currency": "USD",
            "rate": 1
        },
        {
            "currency": "EUR",
            "rate": 0.954
        }
    ],
    "stock_prices": {
        "stock_prices": []
    }
}
2025-02-18 14:47:44,470 - INFO - Запуск программы 2/2025.
2025-02-18 14:47:44,470 - INFO - Получаем данные для главной страницы
2025-02-18 14:47:50,322 - INFO - {
    "greeting": "Добрый день",
    "cards": [
        {
            "last_digits": "4556",
            "total_spent": 2314098.96,
            "cashback": 23129.0
        },
        {
            "last_digits": "nan",
            "total_spent": 5650261.78,
            "cashback": 56429.0
        },
        {
            "last_digits": "7197",
            "total_spent": 70404.98,
            "cashback": 694.0
        },
        {
            "last_digits": "5091",
            "total_spent": 2449.34,
            "cashback": 23.0
        }
    ],
    "top_transactions": [
        {
            "date": "21.03.2019 17:01:38",
            "amount": 190044.51,
            "category": "Переводы",
            "description": "Перевод Кредитная карта. ТП 10.2 RUR"
        },
        {
            "date": "23.10.2018 12:26:15",
            "amount": 177506.03,
            "category": "Переводы",
            "description": "Перевод Кредитная карта. ТП 10.2 RUR"
        },
        {
            "date": "30.12.2021 17:50:17",
            "amount": 174000.0,
            "category": "Пополнения",
            "description": "Пополнение через Газпромбанк"
        },
        {
            "date": "23.10.2018 12:24:54",
            "amount": 150000.0,
            "category": "Переводы",
            "description": "Пополнение счета"
        },
        {
            "date": "30.07.2018 13:27:04",
            "amount": 150000.0,
            "category": "Пополнения",
            "description": "Пополнение. Перевод средств с торгового счета"
        }
    ],
    "currency_rates": [
        {
            "currency": "USD",
            "rate": 1
        },
        {
            "currency": "EUR",
            "rate": 0.954
        }
    ],
    "stock_prices": {
        "stock_prices": []
    }
}
2025-02-18 14:59:04,096 - INFO - Запуск программы 2/2025.
2025-02-18 14:59:04,097 - INFO - Получаем данные для главной страницы
2025-02-18 15:01:39,801 - INFO - Запуск программы 2/2025.
2025-02-18 15:01:39,801 - INFO - Получаем данные для главной страницы
2025-02-18 15:04:38,908 - INFO - Запуск программы 2/2025.
2025-02-18 15:04:38,908 - INFO - Получаем данные для главной страницы
2025-02-18 15:07:21,061 - INFO - Запуск программы 2/2025.
2025-02-18 15:07:21,062 - INFO - Получаем данные для главной страницы
2025-02-18 15:08:49,173 - INFO - Запуск программы 2/2025.
2025-02-18 15:08:49,173 - INFO - Получаем данные для главной страницы
2025-02-18 15:12:38,875 - INFO - Запуск программы 2/2025.
2025-02-18 15:12:38,875 - INFO - Получаем данные для главной страницы
2025-02-18 15:12:55,657 - INFO - {
    "greeting": "Добрый день",
    "cards": [
        {
            "last_digits": "4556",
            "total_spent": 2314098.96,
            "cashback": 23129.0
        },
        {
            "last_digits": "nan",
            "total_spent": 5650261.78,
            "cashback": 56429.0
        },
        {
            "last_digits": "7197",
            "total_spent": 70404.98,
            "cashback": 694.0
        },
        {
            "last_digits": "5091",
            "total_spent": 2449.34,
            "cashback": 23.0
        }
    ],
    "top_transactions": [
        {
            "date": "21.03.2019 17:01:38",
            "amount": 190044.51,
            "category": "Переводы",
            "description": "Перевод Кредитная карта. ТП 10.2 RUR"
        },
        {
            "date": "23.10.2018 12:26:15",
            "amount": 177506.03,
            "category": "Переводы",
            "description": "Перевод Кредитная карта. ТП 10.2 RUR"
        },
        {
            "date": "30.12.2021 17:50:17",
            "amount": 174000.0,
            "category": "Пополнения",
            "description": "Пополнение через Газпромбанк"
        },
        {
            "date": "23.10.2018 12:24:54",
            "amount": 150000.0,
            "category": "Переводы",
            "description": "Пополнение счета"
        },
        {
            "date": "30.07.2018 13:27:04",
            "amount": 150000.0,
            "category": "Пополнения",
            "description": "Пополнение. Перевод средств с торгового счета"
        }
    ],
    "currency_rates": [
        {
            "currency": "USD",
            "rate": 1
        },
        {
            "currency": "EUR",
            "rate": 0.954
        }
    ],
    "stock_prices": {
        "stock_prices": [
            {
                "stock": "AAPL",
                "price": 244.6
            },
            {
                "stock": "AMZN",
                "price": 228.68
            },
            {
                "stock": "GOOGL",
                "price": 185.23
            },
            {
                "stock": "MSFT",
                "price": 408.43
            },
            {
                "stock": "TSLA",
                "price": 355.84
            }
        ]
    }
}
2025-02-18 15:17:30,252 - INFO - Запуск программы 2/2025.
2025-02-18 15:17:30,252 - INFO - Получаем данные для главной страницы
2025-02-18 15:17:38,817 - INFO - {
    "greeting": "Добрый день",
    "cards": [
        {
            "last_digits": "4556",
            "total_spent": 2314098.96,
            "cashback": 23129.0
        },
        {
            "last_digits": "nan",
            "total_spent": 5650261.78,
            "cashback": 56429.0
        },
        {
            "last_digits": "7197",
            "total_spent": 70404.98,
            "cashback": 694.0
        },
        {
            "last_digits": "5091",
            "total_spent": 2449.34,
            "cashback": 23.0
        }
    ],
    "top_transactions": [
        {
            "date": "21.03.2019 17:01:38",
            "amount": 190044.51,
            "category": "Переводы",
            "description": "Перевод Кредитная карта. ТП 10.2 RUR"
        },
        {
            "date": "23.10.2018 12:26:15",
            "amount": 177506.03,
            "category": "Переводы",
            "description": "Перевод Кредитная карта. ТП 10.2 RUR"
        },
        {
            "date": "30.12.2021 17:50:17",
            "amount": 174000.0,
            "category": "Пополнения",
            "description": "Пополнение через Газпромбанк"
        },
        {
            "date": "23.10.2018 12:24:54",
            "amount": 150000.0,
            "category": "Переводы",
            "description": "Пополнение счета"
        },
        {
            "date": "30.07.2018 13:27:04",
            "amount": 150000.0,
            "category": "Пополнения",
            "description": "Пополнение. Перевод средств с торгового счета"
        }
    ],
    "currency_rates": [
        {
            "currency": "USD",
            "rate": 1
        },
        {
            "currency": "EUR",
            "rate": 0.954
        }
    ],
    "stock_prices": {
        "stock_prices": [
            {
                "stock": "AAPL",
                "price": 244.6
            },
            {
                "stock": "AMZN",
                "price": 228.68
            },
            {
                "stock": "GOOGL",
                "price": 185.23
            },
            {
                "stock": "MSFT",
                "price": 408.43
            },
            {
                "stock": "TSLA",
                "price": 355.84
            }
        ]
    }
}
2025-02-18 17:30:03,781 - INFO - Запуск программы 2/2025.
2025-02-18 17:30:03,781 - INFO - Получаем данные для главной страницы
2025-02-18 17:30:26,518 - INFO - Запуск программы 2/2025.
2025-02-18 17:30:26,519 - INFO - Получаем данные для главной страницы
2025-02-18 17:30:27,362 - INFO - {
    "greeting": "Добрый день",
    "cards": [
        {
            "last_digits": "4556",
            "total_spent": 2314098.96,
            "cashback": 23129.0
        },
        {
            "last_digits": "nan",
            "total_spent": 5650261.78,
            "cashback": 56429.0
        },
        {
            "last_digits": "7197",
            "total_spent": 70404.98,
            "cashback": 694.0
        },
        {
            "last_digits": "5091",
            "total_spent": 2449.34,
            "cashback": 23.0
        }
    ],
    "top_transactions": [
        {
            "date": "21.03.2019 17:01:38",
            "amount": 190044.51,
            "category": "Переводы",
            "description": "Перевод Кредитная карта. ТП 10.2 RUR"
        },
        {
            "date": "23.10.2018 12:26:15",
            "amount": 177506.03,
            "category": "Переводы",
            "description": "Перевод Кредитная карта. ТП 10.2 RUR"
        },
        {
            "date": "30.12.2021 17:50:17",
            "amount": 174000.0,
            "category": "Пополнения",
            "description": "Пополнение через Газпромбанк"
        },
        {
            "date": "23.10.2018 12:24:54",
            "amount": 150000.0,
            "category": "Переводы",
            "description": "Пополнение счета"
        },
        {
            "date": "30.07.2018 13:27:04",
            "amount": 150000.0,
            "category": "Пополнения",
            "description": "Пополнение. Перевод средств с торгового счета"
        }
    ],
    "currency_rates": [],
    "stock_prices": {
        "stock_prices": []
    }
}
2025-02-18 17:33:06,941 - INFO - Запуск программы 2/2025.
2025-02-18 17:33:06,941 - INFO - Получаем данные для главной страницы
2025-02-18 17:33:36,236 - INFO - Запуск программы 2/2025.
2025-02-18 17:33:36,236 - INFO - Получаем данные для главной страницы
2025-02-18 17:33:54,338 - INFO - Запуск программы 2/2025.
2025-02-18 17:33:54,338 - INFO - Получаем данные для главной страницы
2025-02-18 17:33:55,174 - INFO - {
    "greeting": "Добрый день",
    "cards": [
        {
            "last_digits": "4556",
            "total_spent": 2314098.96,
            "cashback": 23129.0
        },
        {
            "last_digits": "nan",
            "total_spent": 5650261.78,
            "cashback": 56429.0
        },
        {
            "last_digits": "7197",
            "total_spent": 70404.98,
            "cashback": 694.0
        },
        {
            "last_digits": "5091",
            "total_spent": 2449.34,
            "cashback": 23.0
        }
    ],
    "top_transactions": [
        {
            "date": "21.03.2019 17:01:38",
            "amount": 190044.51,
            "category": "Переводы",
            "description": "Перевод Кредитная карта. ТП 10.2 RUR"
        },
        {
            "date": "23.10.2018 12:26:15",
            "amount": 177506.03,
            "category": "Переводы",
            "description": "Перевод Кредитная карта. ТП 10.2 RUR"
        },
        {
            "date": "30.12.2021 17:50:17",
            "amount": 174000.0,
            "category": "Пополнения",
            "description": "Пополнение через Газпромбанк"
        },
        {
            "date": "23.10.2018 12:24:54",
            "amount": 150000.0,
            "category": "Переводы",
            "description": "Пополнение счета"
        },
        {
            "date": "30.07.2018 13:27:04",
            "amount": 150000.0,
            "category": "Пополнения",
            "description": "Пополнение. Перевод средств с торгового счета"
        }
    ],
    "currency_rates": [],
    "stock_prices": {
        "stock_prices": []
    }
}
2025-02-18 17:35:07,920 - INFO - Запуск программы 2/2025.
2025-02-18 17:35:07,921 - INFO - Получаем данные для главной страницы
2025-02-18 17:35:08,744 - INFO - {
    "greeting": "Добрый день",
    "cards": [
        {
            "last_digits": "4556",
            "total_spent": 2314098.96,
            "cashback": 23129.0
        },
        {
            "last_digits": "nan",
            "total_spent": 5650261.78,
            "cashback": 56429.0
        },
        {
            "last_digits": "7197",
            "total_spent": 70404.98,
            "cashback": 694.0
        },
        {
            "last_digits": "5091",
            "total_spent": 2449.34,
            "cashback": 23.0
        }
    ],
    "top_transactions": [
        {
            "date": "21.03.2019 17:01:38",
            "amount": 190044.51,
            "category": "Переводы",
            "description": "Перевод Кредитная карта. ТП 10.2 RUR"
        },
        {
            "date": "23.10.2018 12:26:15",
            "amount": 177506.03,
            "category": "Переводы",
            "description": "Перевод Кредитная карта. ТП 10.2 RUR"
        },
        {
            "date": "30.12.2021 17:50:17",
            "amount": 174000.0,
            "category": "Пополнения",
            "description": "Пополнение через Газпромбанк"
        },
        {
            "date": "23.10.2018 12:24:54",
            "amount": 150000.0,
            "category": "Переводы",
            "description": "Пополнение счета"
        },
        {
            "date": "30.07.2018 13:27:04",
            "amount": 150000.0,
            "category": "Пополнения",
            "description": "Пополнение. Перевод средств с торгового счета"
        }
    ],
    "currency_rates": [],
    "stock_prices": {
        "stock_prices": []
    }
}
2025-02-19 09:26:34,712 - INFO - Запуск программы 2/2025.
2025-02-19 09:26:34,712 - INFO - Получаем данные для главной страницы
2025-02-19 09:26:41,184 - INFO - {
    "greeting": "Доброе утро",
    "cards": [
        {
            "last_digits": "4556",
            "total_spent": 2314098.96,
            "cashback": 23129.0
        },
        {
            "last_digits": "nan",
            "total_spent": 5650261.78,
            "cashback": 56429.0
        },
        {
            "last_digits": "7197",
            "total_spent": 70404.98,
            "cashback": 694.0
        },
        {
            "last_digits": "5091",
            "total_spent": 2449.34,
            "cashback": 23.0
        }
    ],
    "top_transactions": [
        {
            "date": "21.03.2019 17:01:38",
            "amount": 190044.51,
            "category": "Переводы",
            "description": "Перевод Кредитная карта. ТП 10.2 RUR"
        },
        {
            "date": "23.10.2018 12:26:15",
            "amount": 177506.03,
            "category": "Переводы",
            "description": "Перевод Кредитная карта. ТП 10.2 RUR"
        },
        {
            "date": "30.12.2021 17:50:17",
            "amount": 174000.0,
            "category": "Пополнения",
            "description": "Пополнение через Газпромбанк"
        },
        {
            "date": "23.10.2018 12:24:54",
            "amount": 150000.0,
            "category": "Переводы",
            "description": "Пополнение счета"
        },
        {
            "date": "30.07.2018 13:27:04",
            "amount": 150000.0,
            "category": "Пополнения",
            "description": "Пополнение. Перевод средств с торгового счета"
        }
    ],
    "currency_rates": {
        "currency_rates": [
            {
                "currency": "USD",
                "rate": null
            },
            {
                "currency": "EUR",
                "rate": null
            }
        ]
    },
    "stock_prices": {
        "stock_prices": [
            {
                "stock": "AAPL",
                "price": 244.47
            },
            {
                "stock": "AMZN",
                "price": 226.65
            },
            {
                "stock": "GOOGL",
                "price": 183.77
            },
            {
                "stock": "MSFT",
                "price": 409.64
            },
            {
                "stock": "TSLA",
                "price": 354.11
            }
        ]
    }
}
2025-02-19 09:30:27,727 - INFO - Запуск программы 2/2025.
2025-02-19 09:30:27,727 - INFO - Получаем данные для главной страницы
2025-02-19 09:30:34,876 - INFO - {
    "greeting": "Доброе утро",
    "cards": [
        {
            "last_digits": "4556",
            "total_spent": 2314098.96,
            "cashback": 23129.0
        },
        {
            "last_digits": "nan",
            "total_spent": 5650261.78,
            "cashback": 56429.0
        },
        {
            "last_digits": "7197",
            "total_spent": 70404.98,
            "cashback": 694.0
        },
        {
            "last_digits": "5091",
            "total_spent": 2449.34,
            "cashback": 23.0
        }
    ],
    "top_transactions": [
        {
            "date": "21.03.2019 17:01:38",
            "amount": 190044.51,
            "category": "Переводы",
            "description": "Перевод Кредитная карта. ТП 10.2 RUR"
        },
        {
            "date": "23.10.2018 12:26:15",
            "amount": 177506.03,
            "category": "Переводы",
            "description": "Перевод Кредитная карта. ТП 10.2 RUR"
        },
        {
            "date": "30.12.2021 17:50:17",
            "amount": 174000.0,
            "category": "Пополнения",
            "description": "Пополнение через Газпромбанк"
        },
        {
            "date": "23.10.2018 12:24:54",
            "amount": 150000.0,
            "category": "Переводы",
            "description": "Пополнение счета"
        },
        {
            "date": "30.07.2018 13:27:04",
            "amount": 150000.0,
            "category": "Пополнения",
            "description": "Пополнение. Перевод средств с торгового счета"
        }
    ],
    "currency_rates": {
        "currency_rates": [
            {
                "currency": "USD",
                "rate": null
            },
            {
                "currency": "EUR",
                "rate": null
            }
        ]
    },
    "stock_prices": {
        "stock_prices": [
            {
                "stock": "AAPL",
                "price": 244.47
            },
            {
                "stock": "AMZN",
                "price": 226.65
            },
            {
                "stock": "GOOGL",
                "price": 183.77
            },
            {
                "stock": "MSFT",
                "price": 409.64
            },
            {
                "stock": "TSLA",
                "price": 354.11
            }
        ]
    }
}
2025-02-19 09:35:31,484 - INFO - Запуск программы 2/2025.
2025-02-19 09:35:31,484 - INFO - Получаем данные для главной страницы
2025-02-19 09:35:39,715 - INFO - {
    "greeting": "Доброе утро",
    "cards": [
        {
            "last_digits": "4556",
            "total_spent": 2314098.96,
            "cashback": 23129.0
        },
        {
            "last_digits": "nan",
            "total_spent": 5650261.78,
            "cashback": 56429.0
        },
        {
            "last_digits": "7197",
            "total_spent": 70404.98,
            "cashback": 694.0
        },
        {
            "last_digits": "5091",
            "total_spent": 2449.34,
            "cashback": 23.0
        }
    ],
    "top_transactions": [
        {
            "date": "21.03.2019 17:01:38",
            "amount": 190044.51,
            "category": "Переводы",
            "description": "Перевод Кредитная карта. ТП 10.2 RUR"
        },
        {
            "date": "23.10.2018 12:26:15",
            "amount": 177506.03,
            "category": "Переводы",
            "description": "Перевод Кредитная карта. ТП 10.2 RUR"
        },
        {
            "date": "30.12.2021 17:50:17",
            "amount": 174000.0,
            "category": "Пополнения",
            "description": "Пополнение через Газпромбанк"
        },
        {
            "date": "23.10.2018 12:24:54",
            "amount": 150000.0,
            "category": "Переводы",
            "description": "Пополнение счета"
        },
        {
            "date": "30.07.2018 13:27:04",
            "amount": 150000.0,
            "category": "Пополнения",
            "description": "Пополнение. Перевод средств с торгового счета"
        }
    ],
    "currency_rates": [],
    "stock_prices": {
        "stock_prices": [
            {
                "stock": "AAPL",
                "price": 244.47
            },
            {
                "stock": "AMZN",
                "price": 226.65
            },
            {
                "stock": "GOOGL",
                "price": 183.77
            },
            {
                "stock": "MSFT",
                "price": 409.64
            },
            {
                "stock": "TSLA",
                "price": 354.11
            }
        ]
    }
}
2025-02-19 09:37:32,258 - INFO - Запуск программы 2/2025.
2025-02-19 09:37:32,258 - INFO - Получаем данные для главной страницы
2025-02-19 09:37:38,534 - INFO - {
    "greeting": "Доброе утро",
    "cards": [
        {
            "last_digits": "4556",
            "total_spent": 2314098.96,
            "cashback": 23129.0
        },
        {
            "last_digits": "nan",
            "total_spent": 5650261.78,
            "cashback": 56429.0
        },
        {
            "last_digits": "7197",
            "total_spent": 70404.98,
            "cashback": 694.0
        },
        {
            "last_digits": "5091",
            "total_spent": 2449.34,
            "cashback": 23.0
        }
    ],
    "top_transactions": [
        {
            "date": "21.03.2019 17:01:38",
            "amount": 190044.51,
            "category": "Переводы",
            "description": "Перевод Кредитная карта. ТП 10.2 RUR"
        },
        {
            "date": "23.10.2018 12:26:15",
            "amount": 177506.03,
            "category": "Переводы",
            "description": "Перевод Кредитная карта. ТП 10.2 RUR"
        },
        {
            "date": "30.12.2021 17:50:17",
            "amount": 174000.0,
            "category": "Пополнения",
            "description": "Пополнение через Газпромбанк"
        },
        {
            "date": "23.10.2018 12:24:54",
            "amount": 150000.0,
            "category": "Переводы",
            "description": "Пополнение счета"
        },
        {
            "date": "30.07.2018 13:27:04",
            "amount": 150000.0,
            "category": "Пополнения",
            "description": "Пополнение. Перевод средств с торгового счета"
        }
    ],
    "currency_rates": [],
    "stock_prices": {
        "stock_prices": [
            {
                "stock": "AAPL",
                "price": 244.47
            },
            {
                "stock": "AMZN",
                "price": 226.65
            },
            {
                "stock": "GOOGL",
                "price": 183.77
            },
            {
                "stock": "MSFT",
                "price": 409.64
            },
            {
                "stock": "TSLA",
                "price": 354.11
            }
        ]
    }
}
2025-02-19 09:41:41,471 - INFO - Запуск программы 2/2025.
2025-02-19 09:41:41,471 - INFO - Получаем данные для главной страницы
2025-02-19 09:41:47,832 - INFO - {
    "greeting": "Доброе утро",
    "cards": [
        {
            "last_digits": "4556",
            "total_spent": 2314098.96,
            "cashback": 23129.0
        },
        {
            "last_digits": "nan",
            "total_spent": 5650261.78,
            "cashback": 56429.0
        },
        {
            "last_digits": "7197",
            "total_spent": 70404.98,
            "cashback": 694.0
        },
        {
            "last_digits": "5091",
            "total_spent": 2449.34,
            "cashback": 23.0
        }
    ],
    "top_transactions": [
        {
            "date": "21.03.2019 17:01:38",
            "amount": 190044.51,
            "category": "Переводы",
            "description": "Перевод Кредитная карта. ТП 10.2 RUR"
        },
        {
            "date": "23.10.2018 12:26:15",
            "amount": 177506.03,
            "category": "Переводы",
            "description": "Перевод Кредитная карта. ТП 10.2 RUR"
        },
        {
            "date": "30.12.2021 17:50:17",
            "amount": 174000.0,
            "category": "Пополнения",
            "description": "Пополнение через Газпромбанк"
        },
        {
            "date": "23.10.2018 12:24:54",
            "amount": 150000.0,
            "category": "Переводы",
            "description": "Пополнение счета"
        },
        {
            "date": "30.07.2018 13:27:04",
            "amount": 150000.0,
            "category": "Пополнения",
            "description": "Пополнение. Перевод средств с торгового счета"
        }
    ],
    "currency_rates": [],
    "stock_prices": {
        "stock_prices": [
            {
                "stock": "AAPL",
                "price": 244.47
            },
            {
                "stock": "AMZN",
                "price": 226.65
            },
            {
                "stock": "GOOGL",
                "price": 183.77
            },
            {
                "stock": "MSFT",
                "price": 409.64
            },
            {
                "stock": "TSLA",
                "price": 354.11
            }
        ]
    }
}
2025-02-19 09:47:15,710 - INFO - Запуск программы 2/2025.
2025-02-19 09:47:15,710 - INFO - Получаем данные для главной страницы
2025-02-19 09:47:22,154 - INFO - {
    "greeting": "Доброе утро",
    "cards": [
        {
            "last_digits": "4556",
            "total_spent": 2314098.96,
            "cashback": 23129.0
        },
        {
            "last_digits": "nan",
            "total_spent": 5650261.78,
            "cashback": 56429.0
        },
        {
            "last_digits": "7197",
            "total_spent": 70404.98,
            "cashback": 694.0
        },
        {
            "last_digits": "5091",
            "total_spent": 2449.34,
            "cashback": 23.0
        }
    ],
    "top_transactions": [
        {
            "date": "21.03.2019 17:01:38",
            "amount": 190044.51,
            "category": "Переводы",
            "description": "Перевод Кредитная карта. ТП 10.2 RUR"
        },
        {
            "date": "23.10.2018 12:26:15",
            "amount": 177506.03,
            "category": "Переводы",
            "description": "Перевод Кредитная карта. ТП 10.2 RUR"
        },
        {
            "date": "30.12.2021 17:50:17",
            "amount": 174000.0,
            "category": "Пополнения",
            "description": "Пополнение через Газпромбанк"
        },
        {
            "date": "23.10.2018 12:24:54",
            "amount": 150000.0,
            "category": "Переводы",
            "description": "Пополнение счета"
        },
        {
            "date": "30.07.2018 13:27:04",
            "amount": 150000.0,
            "category": "Пополнения",
            "description": "Пополнение. Перевод средств с торгового счета"
        }
    ],
    "currency_rates": [
        {
            "currency": "USD",
            "rate": 91.4845
        },
        {
            "currency": "EUR",
            "rate": 95.6206
        }
    ],
    "stock_prices": {
        "stock_prices": [
            {
                "stock": "AAPL",
                "price": 244.47
            },
            {
                "stock": "AMZN",
                "price": 226.65
            },
            {
                "stock": "GOOGL",
                "price": 183.77
            },
            {
                "stock": "MSFT",
                "price": 409.64
            },
            {
                "stock": "TSLA",
                "price": 354.11
            }
        ]
    }
}
2025-02-19 09:49:28,714 - INFO - Запуск программы 2/2025.
2025-02-19 09:49:28,714 - INFO - Получаем данные для главной страницы
2025-02-19 09:49:35,320 - INFO - {
    "greeting": "Доброе утро",
    "cards": [
        {
            "last_digits": "4556",
            "total_spent": 2314098.96,
            "cashback": 23129.0
        },
        {
            "last_digits": "nan",
            "total_spent": 5650261.78,
            "cashback": 56429.0
        },
        {
            "last_digits": "7197",
            "total_spent": 70404.98,
            "cashback": 694.0
        },
        {
            "last_digits": "5091",
            "total_spent": 2449.34,
            "cashback": 23.0
        }
    ],
    "top_transactions": [
        {
            "date": "21.03.2019 17:01:38",
            "amount": 190044.51,
            "category": "Переводы",
            "description": "Перевод Кредитная карта. ТП 10.2 RUR"
        },
        {
            "date": "23.10.2018 12:26:15",
            "amount": 177506.03,
            "category": "Переводы",
            "description": "Перевод Кредитная карта. ТП 10.2 RUR"
        },
        {
            "date": "30.12.2021 17:50:17",
            "amount": 174000.0,
            "category": "Пополнения",
            "description": "Пополнение через Газпромбанк"
        },
        {
            "date": "23.10.2018 12:24:54",
            "amount": 150000.0,
            "category": "Переводы",
            "description": "Пополнение счета"
        },
        {
            "date": "30.07.2018 13:27:04",
            "amount": 150000.0,
            "category": "Пополнения",
            "description": "Пополнение. Перевод средств с торгового счета"
        }
    ],
    "currency_rates": [
        {
            "currency": "USD",
            "rate": 1
        },
        {
            "currency": "EUR",
            "rate": 1
        }
    ],
    "stock_prices": {
        "stock_prices": [
            {
                "stock": "AAPL",
                "price": 244.47
            },
            {
                "stock": "AMZN",
                "price": 226.65
            },
            {
                "stock": "GOOGL",
                "price": 183.77
            },
            {
                "stock": "MSFT",
                "price": 409.64
            },
            {
                "stock": "TSLA",
                "price": 354.11
            }
        ]
    }
}
2025-02-19 09:51:40,760 - INFO - Запуск программы 2/2025.
2025-02-19 09:51:40,760 - INFO - Получаем данные для главной страницы
2025-02-19 09:51:46,974 - INFO - {
    "greeting": "Доброе утро",
    "cards": [
        {
            "last_digits": "4556",
            "total_spent": 2314098.96,
            "cashback": 23129.0
        },
        {
            "last_digits": "nan",
            "total_spent": 5650261.78,
            "cashback": 56429.0
        },
        {
            "last_digits": "7197",
            "total_spent": 70404.98,
            "cashback": 694.0
        },
        {
            "last_digits": "5091",
            "total_spent": 2449.34,
            "cashback": 23.0
        }
    ],
    "top_transactions": [
        {
            "date": "21.03.2019 17:01:38",
            "amount": 190044.51,
            "category": "Переводы",
            "description": "Перевод Кредитная карта. ТП 10.2 RUR"
        },
        {
            "date": "23.10.2018 12:26:15",
            "amount": 177506.03,
            "category": "Переводы",
            "description": "Перевод Кредитная карта. ТП 10.2 RUR"
        },
        {
            "date": "30.12.2021 17:50:17",
            "amount": 174000.0,
            "category": "Пополнения",
            "description": "Пополнение через Газпромбанк"
        },
        {
            "date": "23.10.2018 12:24:54",
            "amount": 150000.0,
            "category": "Переводы",
            "description": "Пополнение счета"
        },
        {
            "date": "30.07.2018 13:27:04",
            "amount": 150000.0,
            "category": "Пополнения",
            "description": "Пополнение. Перевод средств с торгового счета"
        }
    ],
    "currency_rates": [
        {
            "currency": "USD",
            "rate": 91.48
        },
        {
            "currency": "EUR",
            "rate": 95.62
        }
    ],
    "stock_prices": {
        "stock_prices": [
            {
                "stock": "AAPL",
                "price": 244.47
            },
            {
                "stock": "AMZN",
                "price": 226.65
            },
            {
                "stock": "GOOGL",
                "price": 183.77
            },
            {
                "stock": "MSFT",
                "price": 409.64
            },
            {
                "stock": "TSLA",
                "price": 354.11
            }
        ]
    }
}
2025-02-20 14:18:55,430 - INFO - Запуск программы 2/2025.
2025-02-20 14:18:55,430 - INFO - Получаем данные для главной страницы
2025-02-20 14:27:57,148 - INFO - Запуск программы 2/2025.
2025-02-20 14:27:57,148 - INFO - Получаем данные для главной страницы
2025-02-22 12:38:55,757 - INFO - Запуск программы 2/2025.
2025-02-22 12:38:55,757 - INFO - Приветствие: Добрый день
2025-02-22 12:38:55,757 - INFO - Получаем данные для главной страницы
2025-02-22 12:39:04,966 - INFO - {
    "greeting": "Добрый день",
    "cards": [
        {
            "last_digits": "4556",
            "total_spent": 2314098.96,
            "cashback": 23129.0
        },
        {
            "last_digits": "nan",
            "total_spent": 5650261.78,
            "cashback": 56429.0
        },
        {
            "last_digits": "7197",
            "total_spent": 70404.98,
            "cashback": 694.0
        },
        {
            "last_digits": "5091",
            "total_spent": 2449.34,
            "cashback": 23.0
        }
    ],
    "top_transactions": [
        {
            "date": "21.03.2019 17:01:38",
            "amount": 190044.51,
            "category": "Переводы",
            "description": "Перевод Кредитная карта. ТП 10.2 RUR"
        },
        {
            "date": "23.10.2018 12:26:15",
            "amount": 177506.03,
            "category": "Переводы",
            "description": "Перевод Кредитная карта. ТП 10.2 RUR"
        },
        {
            "date": "30.12.2021 17:50:17",
            "amount": 174000.0,
            "category": "Пополнения",
            "description": "Пополнение через Газпромбанк"
        },
        {
            "date": "23.10.2018 12:24:54",
            "amount": 150000.0,
            "category": "Переводы",
            "description": "Пополнение счета"
        },
        {
            "date": "30.07.2018 13:27:04",
            "amount": 150000.0,
            "category": "Пополнения",
            "description": "Пополнение. Перевод средств с торгового счета"
        }
    ],
    "currency_rates": [
        {
            "currency": "USD",
            "rate": 88.78
        },
        {
            "currency": "EUR",
            "rate": 92.84
        }
    ],
    "stock_prices": {
        "stock_prices": [
            {
                "stock": "AAPL",
                "price": 245.55
            },
            {
                "stock": "AMZN",
                "price": 216.58
            },
            {
                "stock": "GOOGL",
                "price": 179.66
            },
            {
                "stock": "MSFT",
                "price": 408.21
            },
            {
                "stock": "TSLA",
                "price": 337.8
            }
        ]
    }
}
2025-02-22 12:40:17,719 - INFO - Запуск программы 2/2025.
2025-02-22 12:40:17,719 - INFO - Приветствие: Добрый день
2025-02-22 12:40:17,719 - INFO - Получаем данные для главной страницы
2025-02-22 12:40:25,310 - INFO - {
    "greeting": "Добрый день",
    "cards": [
        {
            "last_digits": "4556",
            "total_spent": 2314098.96,
            "cashback": 23129.0
        },
        {
            "last_digits": "nan",
            "total_spent": 5650261.78,
            "cashback": 56429.0
        },
        {
            "last_digits": "7197",
            "total_spent": 70404.98,
            "cashback": 694.0
        },
        {
            "last_digits": "5091",
            "total_spent": 2449.34,
            "cashback": 23.0
        }
    ],
    "top_transactions": [
        {
            "date": "21.03.2019 17:01:38",
            "amount": 190044.51,
            "category": "Переводы",
            "description": "Перевод Кредитная карта. ТП 10.2 RUR"
        },
        {
            "date": "23.10.2018 12:26:15",
            "amount": 177506.03,
            "category": "Переводы",
            "description": "Перевод Кредитная карта. ТП 10.2 RUR"
        },
        {
            "date": "30.12.2021 17:50:17",
            "amount": 174000.0,
            "category": "Пополнения",
            "description": "Пополнение через Газпромбанк"
        },
        {
            "date": "23.10.2018 12:24:54",
            "amount": 150000.0,
            "category": "Переводы",
            "description": "Пополнение счета"
        },
        {
            "date": "30.07.2018 13:27:04",
            "amount": 150000.0,
            "category": "Пополнения",
            "description": "Пополнение. Перевод средств с торгового счета"
        }
    ],
    "currency_rates": [
        {
            "currency": "USD",
            "rate": 88.78
        },
        {
            "currency": "EUR",
            "rate": 92.84
        }
    ],
    "stock_prices": {
        "stock_prices": [
            {
                "stock": "AAPL",
                "price": 245.55
            },
            {
                "stock": "AMZN",
                "price": 216.58
            },
            {
                "stock": "GOOGL",
                "price": 179.66
            },
            {
                "stock": "MSFT",
                "price": 408.21
            },
            {
                "stock": "TSLA",
                "price": 337.8
            }
        ]
    }
}
2025-02-22 12:40:26,034 - INFO - Карты: [{'last_digits': '4556', 'total_spent': 2314098.96, 'cashback': 23129.0}, {'last_digits': 'nan', 'total_spent': 5650261.78, 'cashback': 56429.0}, {'last_digits': '7197', 'total_spent': 70404.98, 'cashback': 694.0}, {'last_digits': '5091', 'total_spent': 2449.34, 'cashback': 23.0}]
2025-02-22 12:40:26,036 - INFO - Топ транзакций: [{'date': '21.03.2019 17:01:38', 'amount': 190044.51, 'category': 'Переводы', 'description': 'Перевод Кредитная карта. ТП 10.2 RUR'}, {'date': '23.10.2018 12:26:15', 'amount': 177506.03, 'category': 'Переводы', 'description': 'Перевод Кредитная карта. ТП 10.2 RUR'}, {'date': '30.12.2021 17:50:17', 'amount': 174000.0, 'category': 'Пополнения', 'description': 'Пополнение через Газпромбанк'}, {'date': '23.10.2018 12:24:54', 'amount': 150000.0, 'category': 'Переводы', 'description': 'Пополнение счета'}, {'date': '30.07.2018 13:27:04', 'amount': 150000.0, 'category': 'Пополнения', 'description': 'Пополнение. Перевод средств с торгового счета'}]
2025-02-22 12:40:27,154 - INFO - Курсы валют: [{'currency': 'USD', 'rate': 88.78}, {'currency': 'EUR', 'rate': 92.84}]
2025-02-22 12:40:32,869 - INFO - Цены акций: {'stock_prices': [{'stock': 'AAPL', 'price': 245.55}, {'stock': 'AMZN', 'price': 216.58}, {'stock': 'GOOGL', 'price': 179.66}, {'stock': 'MSFT', 'price': 408.21}, {'stock': 'TSLA', 'price': 337.8}]}
2025-02-22 13:03:48,392 - INFO - Запуск программы 2/2025.
2025-02-22 13:03:48,392 - INFO - Приветствие: Добрый день
2025-02-22 13:03:48,392 - INFO - Получаем данные для главной страницы
2025-02-22 13:07:11,215 - INFO - Запуск программы 2/2025.
2025-02-22 13:07:11,215 - INFO - Приветствие: Добрый день
2025-02-22 13:07:11,215 - INFO - Получаем данные для главной страницы
2025-02-22 13:09:27,623 - INFO - Запуск программы 2/2025.
2025-02-22 13:09:27,623 - INFO - Приветствие: Добрый день
2025-02-22 13:09:27,623 - INFO - Получаем данные для главной страницы
2025-02-22 13:09:40,293 - INFO - {
    "greeting": "Добрый день",
    "cards": [],
    "top_transactions": [],
    "currency_rates": [
        {
            "currency": "USD",
            "rate": 88.78
        },
        {
            "currency": "EUR",
            "rate": 92.84
        },
        {
            "currency": "JPY",
            "rate": 0.59
        },
        {
            "currency": "GBP",
            "rate": 112.13
        },
        {
            "currency": "AUD",
            "rate": 56.52
        }
    ],
    "stock_prices": {
        "stock_prices": [
            {
                "stock": "AAPL",
                "price": 245.55
            },
            {
                "stock": "AMZN",
                "price": 216.58
            },
            {
                "stock": "GOOGL",
                "price": 179.66
            },
            {
                "stock": "MSFT",
                "price": 408.21
            },
            {
                "stock": "TSLA",
                "price": 337.8
            },
            {
                "stock": "NFLX",
                "price": 1003.15
            }
        ]
    }
}
2025-02-22 13:09:41,025 - INFO - Карты: [{'last_digits': '4556', 'total_spent': 2314098.96, 'cashback': 23129.0}, {'last_digits': 'nan', 'total_spent': 5650261.78, 'cashback': 56429.0}, {'last_digits': '7197', 'total_spent': 70404.98, 'cashback': 694.0}, {'last_digits': '5091', 'total_spent': 2449.34, 'cashback': 23.0}]
2025-02-22 13:09:41,028 - INFO - Топ транзакций: [{'date': '21.03.2019 17:01:38', 'amount': 190044.51, 'category': 'Переводы', 'description': 'Перевод Кредитная карта. ТП 10.2 RUR'}, {'date': '23.10.2018 12:26:15', 'amount': 177506.03, 'category': 'Переводы', 'description': 'Перевод Кредитная карта. ТП 10.2 RUR'}, {'date': '30.12.2021 17:50:17', 'amount': 174000.0, 'category': 'Пополнения', 'description': 'Пополнение через Газпромбанк'}, {'date': '23.10.2018 12:24:54', 'amount': 150000.0, 'category': 'Переводы', 'description': 'Пополнение счета'}, {'date': '30.07.2018 13:27:04', 'amount': 150000.0, 'category': 'Пополнения', 'description': 'Пополнение. Перевод средств с торгового счета'}]
2025-02-22 13:09:45,651 - INFO - Курсы валют: [{'currency': 'USD', 'rate': 88.78}, {'currency': 'EUR', 'rate': 92.84}, {'currency': 'JPY', 'rate': 0.59}, {'currency': 'GBP', 'rate': 112.13}, {'currency': 'AUD', 'rate': 56.52}]
2025-02-22 13:09:53,460 - INFO - Цены акций: {'stock_prices': [{'stock': 'AAPL', 'price': 245.55}, {'stock': 'AMZN', 'price': 216.58}, {'stock': 'GOOGL', 'price': 179.66}, {'stock': 'MSFT', 'price': 408.21}, {'stock': 'TSLA', 'price': 337.8}, {'stock': 'NFLX', 'price': 1003.15}]}
2025-02-22 13:14:26,714 - INFO - Запуск программы 2/2025.
2025-02-22 13:14:26,714 - INFO - Приветствие: Добрый день
2025-02-22 13:14:26,714 - INFO - Получаем данные для главной страницы
2025-02-22 13:14:34,899 - INFO - {
    "greeting": "Добрый день",
    "cards": [],
    "top_transactions": [],
    "currency_rates": [
        {
            "currency": "USD",
            "rate": 88.78
        },
        {
            "currency": "EUR",
            "rate": 92.84
        }
    ],
    "stock_prices": {
        "stock_prices": [
            {
                "stock": "AAPL",
                "price": 245.55
            },
            {
                "stock": "AMZN",
                "price": 216.58
            },
            {
                "stock": "GOOGL",
                "price": 179.66
            },
            {
                "stock": "MSFT",
                "price": 408.21
            },
            {
                "stock": "TSLA",
                "price": 337.8
            }
        ]
    }
}
2025-02-22 13:14:35,634 - INFO - Карты: [{'last_digits': '4556', 'total_spent': 2314098.96, 'cashback': 23129.0}, {'last_digits': 'nan', 'total_spent': 5650261.78, 'cashback': 56429.0}, {'last_digits': '7197', 'total_spent': 70404.98, 'cashback': 694.0}, {'last_digits': '5091', 'total_spent': 2449.34, 'cashback': 23.0}]
2025-02-22 13:14:35,637 - INFO - Топ транзакций: [{'date': '21.03.2019 17:01:38', 'amount': 190044.51, 'category': 'Переводы', 'description': 'Перевод Кредитная карта. ТП 10.2 RUR'}, {'date': '23.10.2018 12:26:15', 'amount': 177506.03, 'category': 'Переводы', 'description': 'Перевод Кредитная карта. ТП 10.2 RUR'}, {'date': '30.12.2021 17:50:17', 'amount': 174000.0, 'category': 'Пополнения', 'description': 'Пополнение через Газпромбанк'}, {'date': '23.10.2018 12:24:54', 'amount': 150000.0, 'category': 'Переводы', 'description': 'Пополнение счета'}, {'date': '30.07.2018 13:27:04', 'amount': 150000.0, 'category': 'Пополнения', 'description': 'Пополнение. Перевод средств с торгового счета'}]
2025-02-22 13:14:36,870 - INFO - Курсы валют: [{'currency': 'USD', 'rate': 88.78}, {'currency': 'EUR', 'rate': 92.84}]
2025-02-22 13:14:42,990 - INFO - Цены акций: {'stock_prices': [{'stock': 'AAPL', 'price': 245.55}, {'stock': 'AMZN', 'price': 216.58}, {'stock': 'GOOGL', 'price': 179.66}, {'stock': 'MSFT', 'price': 408.21}, {'stock': 'TSLA', 'price': 337.8}]}
